Exporter version: 2.80.1, Blender version: 2.93.0
========= Conversion from Blender to Babylon.js =========
	Scene settings used :
		Inline textures     :  false
		Material Type       :  PBR
		Positions Precision :  4
		Normals Precision   :  3
		UVs Precision       :  3
		Vert Color Precision:  3
		Mat Weight Precision:  2
		Keep Z-up r-handed  :  no
		Texture directory   :  C:\Users\jeanb\Desktop\facul\2021\AF - CG\projeto AF\AC2 - JeanBauch180375\assets\
	Python World class constructor completed
	WARNING: No active camera has been assigned, or is not in a currently selected Blender layer
	processing begun of mesh:  Cubo
		processing begun of material:  Materiais.017
		num positions      :  2606
		num normals        :  2606
		num tangents       :  0
		num uvs            :  5212
		num uvs2           :  0
		num colors         :  0
		num triangles      :  1784
		WARNING: # of 0 area faces found:  272
	processing begun of mesh:  groundDomino.004
		processing begun of material:  Materiais.008
			processing texture wood
				texture type:  diffuseTexture, mapped using: "Mapa UV"
		num positions      :  29
		num normals        :  29
		num tangents       :  0
		num uvs            :  58
		num uvs2           :  0
		num colors         :  0
		num triangles      :  12
	processing begun of mesh:  domino.001
		processing begun of material:  Materiais.018
			processing texture metal2
				texture type:  diffuseTexture, mapped using: "Mapa UV"
		num positions      :  29
		num normals        :  29
		num tangents       :  0
		num uvs            :  58
		num uvs2           :  0
		num colors         :  0
		num triangles      :  12
	processing begun of mesh:  domino.002
		processing begun of material:  Materiais.018
		registered as also a user of material:  Materiais.018
		num positions      :  29
		num normals        :  29
		num tangents       :  0
		num uvs            :  58
		num uvs2           :  0
		num colors         :  0
		num triangles      :  12
	processing begun of mesh:  domino.004
		processing begun of material:  Materiais.018
		registered as also a user of material:  Materiais.018
		num positions      :  29
		num normals        :  29
		num tangents       :  0
		num uvs            :  58
		num uvs2           :  0
		num colors         :  0
		num triangles      :  12
	processing begun of mesh:  domino.006
		processing begun of material:  Materiais.018
		registered as also a user of material:  Materiais.018
		num positions      :  29
		num normals        :  29
		num tangents       :  0
		num uvs            :  58
		num uvs2           :  0
		num colors         :  0
		num triangles      :  12
	processing begun of mesh:  Cone.001
		processing begun of material:  Materiais.006
			processing texture metal
				texture type:  diffuseTexture, mapped using: "Mapa UV"
		num positions      :  954
		num normals        :  954
		num tangents       :  0
		num uvs            :  1908
		num uvs2           :  0
		num colors         :  0
		num triangles      :  384
	processing begun of mesh:  cube
		processing begun of material:  Materiais.019
			processing texture rockyGround_basecolor
				texture type:  diffuseTexture, mapped using: "Mapa UV"
		num positions      :  116
		num normals        :  116
		num tangents       :  0
		num uvs            :  232
		num uvs2           :  0
		num colors         :  0
		num triangles      :  48
	processing begun of mesh:  groundDomino.001
		processing begun of material:  Materiais.009
			processing texture wood
				texture type:  diffuseTexture, mapped using: "Mapa UV"
		num positions      :  29
		num normals        :  29
		num tangents       :  0
		num uvs            :  58
		num uvs2           :  0
		num colors         :  0
		num triangles      :  12
	processing begun of mesh:  groundDomino.002
		processing begun of material:  Materiais.012
			processing texture tijolo
				texture type:  diffuseTexture, mapped using: "Mapa UV"
		num positions      :  29
		num normals        :  29
		num tangents       :  0
		num uvs            :  58
		num uvs2           :  0
		num colors         :  0
		num triangles      :  12
	processing begun of mesh:  groundDomino.003
		processing begun of material:  Materiais.012
		registered as also a user of material:  Materiais.012
		num positions      :  29
		num normals        :  29
		num tangents       :  0
		num uvs            :  58
		num uvs2           :  0
		num colors         :  0
		num triangles      :  12
	processing begun of mesh:  Suzanne
		WARNING: No materials have been assigned: 
		num positions      :  2892
		num normals        :  2892
		num tangents       :  0
		num uvs            :  5784
		num uvs2           :  0
		num colors         :  0
		num triangles      :  968
	processing begun of mesh:  charuto
		processing begun of material:  Materiais.022
			processing texture charuto
				texture type:  diffuseTexture, mapped using: "Mapa UV"
		num positions      :  309
		num normals        :  309
		num tangents       :  0
		num uvs            :  618
		num uvs2           :  0
		num colors         :  0
		num triangles      :  124
	processing begun of mesh:  groundDomino
		processing begun of material:  Materiais.009
		registered as also a user of material:  Materiais.009
		num positions      :  29
		num normals        :  29
		num tangents       :  0
		num uvs            :  58
		num uvs2           :  0
		num colors         :  0
		num triangles      :  12
	processing begun of mesh:  ground.003
		processing begun of material:  Materiais.014
			processing texture metal2
				texture type:  diffuseTexture, mapped using: "Mapa UV"
		num positions      :  1510
		num normals        :  1510
		num tangents       :  0
		num uvs            :  3020
		num uvs2           :  0
		num colors         :  0
		num triangles      :  686
	processing begun of mesh:  ground
		processing begun of material:  Materiais.015
			processing texture metal2
				texture type:  diffuseTexture, mapped using: "Mapa UV"
		num positions      :  1719
		num normals        :  1719
		num tangents       :  0
		num uvs            :  3438
		num uvs2           :  0
		num colors         :  0
		num triangles      :  724
	processing begun of mesh:  impulser
		processing begun of material:  Materiais.012
		registered as also a user of material:  Materiais.012
		num positions      :  29
		num normals        :  29
		num tangents       :  0
		num uvs            :  58
		num uvs2           :  0
		num colors         :  0
		num triangles      :  12
	processing begun of mesh:  Cubo.001
		processing begun of material:  Materiais.010
			processing texture metal
				texture type:  diffuseTexture, mapped using: "Mapa UV"
		num positions      :  29
		num normals        :  29
		num tangents       :  0
		num uvs            :  58
		num uvs2           :  0
		num colors         :  0
		num triangles      :  12
	processing begun of mesh:  Cubo.002
		processing begun of material:  Materiais.011
			processing texture metal
				texture type:  diffuseTexture, mapped using: "Mapa UV"
		num positions      :  29
		num normals        :  29
		num tangents       :  0
		num uvs            :  58
		num uvs2           :  0
		num colors         :  0
		num triangles      :  12
	processing begun of mesh:  domino.003
		processing begun of material:  Materiais.018
		registered as also a user of material:  Materiais.018
		num positions      :  29
		num normals        :  29
		num tangents       :  0
		num uvs            :  58
		num uvs2           :  0
		num colors         :  0
		num triangles      :  12
	processing begun of mesh:  domino.005
		processing begun of material:  Materiais.018
		registered as also a user of material:  Materiais.018
		num positions      :  29
		num normals        :  29
		num tangents       :  0
		num uvs            :  58
		num uvs2           :  0
		num colors         :  0
		num triangles      :  12
	processing begun of mesh:  domino.007
		processing begun of material:  Materiais.018
		registered as also a user of material:  Materiais.018
		num positions      :  29
		num normals        :  29
		num tangents       :  0
		num uvs            :  58
		num uvs2           :  0
		num colors         :  0
		num triangles      :  12
	processing begun of mesh:  domino.008
		processing begun of material:  Materiais.018
		registered as also a user of material:  Materiais.018
		num positions      :  29
		num normals        :  29
		num tangents       :  0
		num uvs            :  58
		num uvs2           :  0
		num colors         :  0
		num triangles      :  12
	processing begun of mesh:  groundDomino.005
		processing begun of material:  Materiais.004
			processing texture bb4f252f9096e2c0aaaee357de7af06_0
				texture type:  diffuseTexture, mapped using: "Mapa UV"
		num positions      :  29
		num normals        :  29
		num tangents       :  0
		num uvs            :  58
		num uvs2           :  0
		num colors         :  0
		num triangles      :  12
	processing begun of mesh:  domino.009
		processing begun of material:  Materiais.007
			processing texture Wood_6896
				texture type:  diffuseTexture, mapped using: "Mapa UV"
		num positions      :  29
		num normals        :  29
		num tangents       :  0
		num uvs            :  58
		num uvs2           :  0
		num colors         :  0
		num triangles      :  12
	processing begun of mesh:  ground.004
		processing begun of material:  Materiais.003
			processing texture Wood_6896
				texture type:  diffuseTexture, mapped using: "Mapa UV"
		num positions      :  29
		num normals        :  29
		num tangents       :  0
		num uvs            :  58
		num uvs2           :  0
		num colors         :  0
		num triangles      :  12
	processing begun of mesh:  Cilindro.001
		processing begun of material:  Materiais.005
			processing texture metal
				texture type:  diffuseTexture, mapped using: "Mapa UV"
		num positions      :  2185
		num normals        :  2185
		num tangents       :  0
		num uvs            :  4370
		num uvs2           :  0
		num colors         :  0
		num triangles      :  860
	processing begun of mesh:  helice
		processing begun of material:  Materiais.006
		registered as also a user of material:  Materiais.006
		num positions      :  109
		num normals        :  109
		num tangents       :  0
		num uvs            :  218
		num uvs2           :  0
		num colors         :  0
		num triangles      :  40
	WARNING: The following object (type - CURVE) is not currently exportable thus ignored: Bézier - Círculo
	processing begun of mesh:  Plano.002
		processing begun of material:  Materiais.016
			processing texture metal
				texture type:  diffuseTexture, mapped using: "UVMap"
		num positions      :  32203
		num normals        :  32203
		num tangents       :  0
		num uvs            :  64406
		num uvs2           :  0
		num colors         :  0
		num triangles      :  11904
		WARNING: # of 0 area faces found:  2
	processing begun of mesh:  Cubo.004
		processing begun of material:  Materiais.007
		registered as also a user of material:  Materiais.007
		num positions      :  202
		num normals        :  202
		num tangents       :  0
		num uvs            :  404
		num uvs2           :  0
		num colors         :  0
		num triangles      :  100
	processing begun of mesh:  positve
		processing begun of material:  Materiais.001
		num positions      :  480
		num normals        :  480
		num tangents       :  0
		num uvs            :  960
		num uvs2           :  0
		num colors         :  0
		num triangles      :  480
	processing begun of mesh:  fristDoor
		processing begun of material:  Materiais.020
			processing texture Decorative
				texture type:  diffuseTexture, mapped using: "Mapa UV"
		num positions      :  31
		num normals        :  31
		num tangents       :  0
		num uvs            :  62
		num uvs2           :  0
		num colors         :  0
		num triangles      :  12
	processing begun of mesh:  mamacoObj
		processing begun of material:  Materiais.001
		registered as also a user of material:  Materiais.001
		num positions      :  2892
		num normals        :  2892
		num tangents       :  0
		num uvs            :  5784
		num uvs2           :  0
		num colors         :  0
		num triangles      :  968
	processing begun of mesh:  groundMat
		WARNING: No materials have been assigned: 
		num positions      :  4
		num normals        :  4
		num tangents       :  0
		num uvs            :  8
		num uvs2           :  0
		num colors         :  0
		num triangles      :  2
	processing begun of mesh:  Cubo.003
		processing begun of material:  Materiais.024
			processing texture metal3
				texture type:  diffuseTexture, mapped using: "Mapa UV"
		num positions      :  106
		num normals        :  106
		num tangents       :  0
		num uvs            :  212
		num uvs2           :  0
		num colors         :  0
		num triangles      :  44
		WARNING: # of 0 area faces found:  8
	processing begun of mesh:  heliceFinal
		processing begun of material:  Materiais.023
		num positions      :  1208
		num normals        :  1208
		num tangents       :  0
		num uvs            :  2416
		num uvs2           :  0
		num colors         :  0
		num triangles      :  528
		WARNING: # of 0 area faces found:  20
	processing begun of mesh:  Plano
		processing begun of material:  Materiais.001
		registered as also a user of material:  Materiais.001
		num positions      :  55658
		num normals        :  55658
		num tangents       :  0
		num uvs            :  111316
		num uvs2           :  0
		num colors         :  0
		num triangles      :  20640
	WARNING: The following object (type - CURVE) is not currently exportable thus ignored: Bézier - Círculo.001
	processing begun of mesh:  Plano.003
		processing begun of material:  Materiais
		num positions      :  99990
		num normals        :  99990
		num tangents       :  0
		num uvs            :  199980
		num uvs2           :  0
		num colors         :  0
		num triangles      :  34080
		WARNING: # of 0 area faces found:  240
	WARNING: The following object (type - CURVE) is not currently exportable thus ignored: Bézier - Círculo.002
	processing begun of mesh:  negative
		processing begun of material:  Materiais
		registered as also a user of material:  Materiais
		num positions      :  29
		num normals        :  29
		num tangents       :  0
		num uvs            :  58
		num uvs2           :  0
		num colors         :  0
		num triangles      :  12
	processing begun of mesh:  Cubo.005
		processing begun of material:  Materiais.020
		registered as also a user of material:  Materiais.020
		num positions      :  857
		num normals        :  857
		num tangents       :  0
		num uvs            :  1714
		num uvs2           :  0
		num colors         :  0
		num triangles      :  400
========= Writing of JSON file started =========
	writing mesh:  Cubo
	writing mesh:  groundDomino.004
	writing mesh:  domino.001
	writing mesh:  domino.002
	writing mesh:  domino.004
	writing mesh:  domino.006
	writing mesh:  Cone.001
	writing mesh:  cube
	writing mesh:  groundDomino.001
	writing mesh:  groundDomino.002
	writing mesh:  groundDomino.003
	writing mesh:  Suzanne
	writing mesh:  charuto
	writing mesh:  groundDomino
	writing mesh:  ground.003
	writing mesh:  ground
	writing mesh:  impulser
	writing mesh:  Cubo.001
	writing mesh:  Cubo.002
	writing mesh:  domino.003
	writing mesh:  domino.005
	writing mesh:  domino.007
	writing mesh:  domino.008
	writing mesh:  groundDomino.005
	writing mesh:  domino.009
	writing mesh:  ground.004
	writing mesh:  Cilindro.001
	writing mesh:  helice
	writing mesh:  Plano.002
	writing mesh:  Cubo.004
	writing mesh:  positve
	writing mesh:  fristDoor
	writing mesh:  mamacoObj
	writing mesh:  groundMat
	writing mesh:  Cubo.003
	writing mesh:  heliceFinal
	writing mesh:  Plano
	writing mesh:  Plano.003
	writing mesh:  negative
	writing mesh:  Cubo.005
========= Writing of JSON file completed =========
========= end of processing =========
elapsed time:  0 min, 6.7583 secs
